#
# There is insufficient memory for the Java Runtime Environment to continue.
# Native memory allocation (malloc) failed to allocate 1901888 bytes for Chunk::new
# Possible reasons:
#   The system is out of physical RAM or swap space
#   The process is running with CompressedOops enabled, and the Java Heap may be blocking the growth of the native heap
# Possible solutions:
#   Reduce memory load on the system
#   Increase physical memory or swap space
#   Check if swap backing store is full
#   Decrease Java heap size (-Xmx/-Xms)
#   Decrease number of Java threads
#   Decrease Java thread stack sizes (-Xss)
#   Set larger code cache with -XX:ReservedCodeCacheSize=
#   JVM is running with Zero Based Compressed Oops mode in which the Java heap is
#     placed in the first 32GB address space. The Java Heap base address is the
#     maximum limit for the native heap growth. Please use -XX:HeapBaseMinAddress
#     to set the Java Heap base and to place the Java Heap above 32GB virtual address.
# This output file may be truncated or incomplete.
#
#  Out of Memory Error (allocation.cpp:389), pid=23964, tid=0x000000000000594c
#
# JRE version: Java(TM) SE Runtime Environment (8.0_202-b08) (build 1.8.0_202-b08)
# Java VM: Java HotSpot(TM) 64-Bit Server VM (25.202-b08 mixed mode windows-amd64 compressed oops)
# Failed to write core dump. Minidumps are not enabled by default on client versions of Windows
#

---------------  T H R E A D  ---------------

Current thread (0x000000001ebff800):  JavaThread "C2 CompilerThread0" daemon [_thread_in_native, id=22860, stack(0x000000001fa10000,0x000000001fb10000)]

Stack: [0x000000001fa10000,0x000000001fb10000]
[error occurred during error reporting (printing stack bounds), id 0xc0000005]

Native frames: (J=compiled Java code, j=interpreted, Vv=VM code, C=native code)


Current CompileTask:
C2: 425908 18831   !   4       net.minecraft.world.WorldEntitySpawner::findChunksForSpawning (924 bytes)


---------------  P R O C E S S  ---------------

Java Threads: ( => current thread )
  0x00000000250e1800 JavaThread "Chunk I/O Executor Thread-1" daemon [_thread_blocked, id=24556, stack(0x000000003d290000,0x000000003d390000)]
  0x00000000250dc000 JavaThread "Chunk Batcher 15" daemon [_thread_blocked, id=5556, stack(0x000000003cd50000,0x000000003ce50000)]
  0x00000000250e0800 JavaThread "Chunk Batcher 14" daemon [_thread_blocked, id=32548, stack(0x000000003cc50000,0x000000003cd50000)]
  0x00000000250de800 JavaThread "Chunk Batcher 13" daemon [_thread_blocked, id=9492, stack(0x000000003cb50000,0x000000003cc50000)]
  0x00000000250db800 JavaThread "Chunk Batcher 12" daemon [_thread_blocked, id=33364, stack(0x000000003ca50000,0x000000003cb50000)]
  0x00000000250d4000 JavaThread "Chunk Batcher 11" daemon [_thread_blocked, id=24200, stack(0x000000003c950000,0x000000003ca50000)]
  0x00000000250da800 JavaThread "Chunk Batcher 10" daemon [_thread_blocked, id=12876, stack(0x000000003c850000,0x000000003c950000)]
  0x00000000250d3000 JavaThread "Chunk Batcher 9" daemon [_thread_blocked, id=20904, stack(0x000000003c750000,0x000000003c850000)]
  0x00000000250da000 JavaThread "Chunk Batcher 8" daemon [_thread_blocked, id=5840, stack(0x0000000038dd0000,0x0000000038ed0000)]
  0x00000000250d7800 JavaThread "Netty Server IO #3" daemon [_thread_in_native, id=25236, stack(0x0000000036500000,0x0000000036600000)]
  0x00000000250d7000 JavaThread "Netty Local Client IO #1" daemon [_thread_blocked, id=25992, stack(0x0000000035de0000,0x0000000035ee0000)]
  0x00000000250d5800 JavaThread "Netty Server IO #2" daemon [_thread_in_native, id=23436, stack(0x0000000026f10000,0x0000000027010000)]
  0x00000000250d2800 JavaThread "Server thread" [_thread_blocked, id=23160, stack(0x0000000000f90000,0x0000000001090000)]
  0x00000000250d8800 JavaThread "Snooper Timer" daemon [_thread_blocked, id=6864, stack(0x0000000000e90000,0x0000000000f90000)]
  0x00000000225db800 JavaThread "Netty Server IO #1" daemon [_thread_in_native, id=28140, stack(0x0000000037ee0000,0x0000000037fe0000)]
  0x00000000225e2800 JavaThread "Netty Local Client IO #0" daemon [_thread_blocked, id=31380, stack(0x0000000037cc0000,0x0000000037dc0000)]
  0x00000000225e1000 JavaThread "Netty Server IO #0" daemon [_thread_in_native, id=6896, stack(0x0000000037de0000,0x0000000037ee0000)]
  0x00000000225da000 JavaThread "File IO Thread" [_thread_blocked, id=30616, stack(0x0000000036200000,0x0000000036300000)]
  0x00000000225dd000 JavaThread "Narrator" daemon [_thread_blocked, id=24320, stack(0x0000000035ce0000,0x0000000035de0000)]
  0x00000000248c3800 JavaThread "Thread-6" [_thread_blocked, id=8136, stack(0x00000000376b0000,0x00000000377b0000)]
  0x00000000248c7000 JavaThread "Thread-5" [_thread_blocked, id=3924, stack(0x00000000373b0000,0x00000000374b0000)]
  0x00000000248c1000 JavaThread "LWJGL Timer" daemon [_thread_blocked, id=28792, stack(0x00000000372b0000,0x00000000373b0000)]
  0x00000000262ba800 JavaThread "Java2D Disposer" daemon [_thread_blocked, id=23584, stack(0x0000000024170000,0x0000000024270000)]
  0x00000000209d1000 JavaThread "Timer hack thread" daemon [_thread_blocked, id=252, stack(0x0000000023030000,0x0000000023130000)]
  0x0000000023875800 JavaThread "Snooper Timer" daemon [_thread_blocked, id=31524, stack(0x0000000024530000,0x0000000024630000)]
  0x000000001f1db800 JavaThread "Service Thread" daemon [_thread_blocked, id=29452, stack(0x000000001fe10000,0x000000001ff10000)]
  0x000000001ec0a000 JavaThread "C1 CompilerThread3" daemon [_thread_blocked, id=21440, stack(0x000000001fd10000,0x000000001fe10000)]
  0x000000001ec09000 JavaThread "C2 CompilerThread2" daemon [_thread_blocked, id=10948, stack(0x000000001fc10000,0x000000001fd10000)]
  0x000000001ec02800 JavaThread "C2 CompilerThread1" daemon [_thread_blocked, id=25812, stack(0x000000001fb10000,0x000000001fc10000)]
=>0x000000001ebff800 JavaThread "C2 CompilerThread0" daemon [_thread_in_native, id=22860, stack(0x000000001fa10000,0x000000001fb10000)]
  0x000000001f174800 JavaThread "Monitor Ctrl-Break" daemon [_thread_in_native, id=11104, stack(0x000000001f910000,0x000000001fa10000)]
  0x000000001e84c000 JavaThread "Attach Listener" daemon [_thread_blocked, id=26888, stack(0x000000001f010000,0x000000001f110000)]
  0x000000001e849000 JavaThread "Signal Dispatcher" daemon [_thread_blocked, id=18136, stack(0x000000001ef10000,0x000000001f010000)]
  0x000000001ca44000 JavaThread "Finalizer" daemon [_thread_blocked, id=30760, stack(0x000000001ed10000,0x000000001ee10000)]
  0x000000001e830800 JavaThread "Reference Handler" daemon [_thread_blocked, id=6972, stack(0x000000001ec10000,0x000000001ed10000)]
  0x0000000002cd2000 JavaThread "Client thread" [_thread_in_native, id=21352, stack(0x0000000002b70000,0x0000000002c70000)]

Other Threads:
  0x000000001ca36800 VMThread [stack: 0x000000001e710000,0x000000001e810000] [id=13016]
  0x000000001f2ae000 WatcherThread [stack: 0x000000001ff10000,0x0000000020010000] [id=18160]

VM state:not at safepoint (normal execution)

VM Mutex/Monitor currently owned by a thread: None

heap address: 0x00000006c0c00000, size: 4084 MB, Compressed Oops mode: Zero based, Oop shift amount: 3
Narrow klass base: 0x0000000000000000, Narrow klass shift: 3
Compressed class space size: 1073741824 Address: 0x00000007c0000000

Heap:
 PSYoungGen      total 553472K, used 464718K [0x000000076af00000, 0x0000000792000000, 0x00000007c0000000)
  eden space 467968K, 86% used [0x000000076af00000,0x0000000783864618,0x0000000787800000)
  from space 85504K, 72% used [0x0000000787800000,0x000000078b46f288,0x000000078cb80000)
  to   space 83968K, 0% used [0x000000078cb80000,0x000000078cb80000,0x0000000791d80000)
 ParOldGen       total 461824K, used 226460K [0x00000006c0c00000, 0x00000006dcf00000, 0x000000076af00000)
  object space 461824K, 49% used [0x00000006c0c00000,0x00000006ce9271a8,0x00000006dcf00000)
 Metaspace       used 62750K, capacity 63683K, committed 63960K, reserved 1105920K
  class space    used 7692K, capacity 7908K, committed 7936K, reserved 1048576K

Card table byte_map: [0x0000000012350000,0x0000000012b50000] byte_map_base: 0x000000000ed4a000

Marking Bits: (ParMarkBitMap*) 0x0000000062925ce0
 Begin Bits: [0x00000000138b0000, 0x0000000017880000)
 End Bits:   [0x0000000017880000, 0x000000001b850000)

Polling page: 0x0000000001200000

CodeCache: size=245760Kb used=51902Kb max_used=53361Kb free=193857Kb
 bounds [0x0000000002f90000, 0x0000000006450000, 0x0000000011f90000]
 total_blobs=12909 nmethods=11904 adapters=912
 compilation: enabled

Compilation events (10 events):
Event: 425.295 Thread 0x000000001ec0a000 nmethod 18826 0x000000000344dad0 code [0x000000000344dc60, 0x000000000344e0b8]
Event: 425.342 Thread 0x000000001ec0a000 18827   !   3       java.util.concurrent.ConcurrentHashMap::replaceNode (416 bytes)
Event: 425.343 Thread 0x000000001ec0a000 nmethod 18827 0x0000000004c2a350 code [0x0000000004c2a640, 0x0000000004c2c208]
Event: 425.411 Thread 0x000000001ebff800 18828       4       java.util.LinkedHashMap$LinkedHashIterator::remove (77 bytes)
Event: 425.418 Thread 0x000000001ebff800 nmethod 18828 0x00000000044a4890 code [0x00000000044a4a20, 0x00000000044a5318]
Event: 425.447 Thread 0x000000001ec02800 18829       4       com.google.common.cache.LocalCache::put (29 bytes)
Event: 425.450 Thread 0x000000001ec02800 nmethod 18829 0x0000000003f23cd0 code [0x0000000003f23e40, 0x0000000003f240b8]
Event: 425.493 Thread 0x000000001ec09000 18830       4       net.minecraft.client.renderer.chunk.ChunkRenderDispatcher$PendingUpload::<init> (20 bytes)
Event: 425.494 Thread 0x000000001ec09000 nmethod 18830 0x0000000003466610 code [0x0000000003466740, 0x00000000034667d8]
Event: 425.505 Thread 0x000000001ebff800 18831   !   4       net.minecraft.world.WorldEntitySpawner::findChunksForSpawning (924 bytes)

GC Heap History (10 events):
Event: 358.947 GC heap before
{Heap before GC invocations=64 (full 11):
 PSYoungGen      total 537600K, used 519817K [0x000000076af00000, 0x0000000790900000, 0x00000007c0000000)
  eden space 466944K, 100% used [0x000000076af00000,0x0000000787700000,0x0000000787700000)
  from space 70656K, 74% used [0x000000078be80000,0x000000078f222698,0x0000000790380000)
  to   space 73216K, 0% used [0x0000000787700000,0x0000000787700000,0x000000078be80000)
 ParOldGen       total 461824K, used 226428K [0x00000006c0c00000, 0x00000006dcf00000, 0x000000076af00000)
  object space 461824K, 49% used [0x00000006c0c00000,0x00000006ce91f1a8,0x00000006dcf00000)
 Metaspace       used 62612K, capacity 63543K, committed 63960K, reserved 1105920K
  class space    used 7685K, capacity 7906K, committed 7936K, reserved 1048576K
Event: 358.957 GC heap after
Heap after GC invocations=64 (full 11):
 PSYoungGen      total 540160K, used 56672K [0x000000076af00000, 0x0000000791080000, 0x00000007c0000000)
  eden space 466944K, 0% used [0x000000076af00000,0x000000076af00000,0x0000000787700000)
  from space 73216K, 77% used [0x0000000787700000,0x000000078ae58128,0x000000078be80000)
  to   space 76800K, 0% used [0x000000078c580000,0x000000078c580000,0x0000000791080000)
 ParOldGen       total 461824K, used 226436K [0x00000006c0c00000, 0x00000006dcf00000, 0x000000076af00000)
  object space 461824K, 49% used [0x00000006c0c00000,0x00000006ce9211a8,0x00000006dcf00000)
 Metaspace       used 62612K, capacity 63543K, committed 63960K, reserved 1105920K
  class space    used 7685K, capacity 7906K, committed 7936K, reserved 1048576K
}
Event: 366.332 GC heap before
{Heap before GC invocations=65 (full 11):
 PSYoungGen      total 540160K, used 523616K [0x000000076af00000, 0x0000000791080000, 0x00000007c0000000)
  eden space 466944K, 100% used [0x000000076af00000,0x0000000787700000,0x0000000787700000)
  from space 73216K, 77% used [0x0000000787700000,0x000000078ae58128,0x000000078be80000)
  to   space 76800K, 0% used [0x000000078c580000,0x000000078c580000,0x0000000791080000)
 ParOldGen       total 461824K, used 226436K [0x00000006c0c00000, 0x00000006dcf00000, 0x000000076af00000)
  object space 461824K, 49% used [0x00000006c0c00000,0x00000006ce9211a8,0x00000006dcf00000)
 Metaspace       used 62697K, capacity 63619K, committed 63960K, reserved 1105920K
  class space    used 7692K, capacity 7908K, committed 7936K, reserved 1048576K
Event: 366.344 GC heap after
Heap after GC invocations=65 (full 11):
 PSYoungGen      total 543744K, used 63891K [0x000000076af00000, 0x0000000791080000, 0x00000007c0000000)
  eden space 466944K, 0% used [0x000000076af00000,0x000000076af00000,0x0000000787700000)
  from space 76800K, 83% used [0x000000078c580000,0x00000007903e4d70,0x0000000791080000)
  to   space 73216K, 0% used [0x0000000787700000,0x0000000787700000,0x000000078be80000)
 ParOldGen       total 461824K, used 226444K [0x00000006c0c00000, 0x00000006dcf00000, 0x000000076af00000)
  object space 461824K, 49% used [0x00000006c0c00000,0x00000006ce9231a8,0x00000006dcf00000)
 Metaspace       used 62697K, capacity 63619K, committed 63960K, reserved 1105920K
  class space    used 7692K, capacity 7908K, committed 7936K, reserved 1048576K
}
Event: 388.148 GC heap before
{Heap before GC invocations=66 (full 11):
 PSYoungGen      total 543744K, used 530835K [0x000000076af00000, 0x0000000791080000, 0x00000007c0000000)
  eden space 466944K, 100% used [0x000000076af00000,0x0000000787700000,0x0000000787700000)
  from space 76800K, 83% used [0x000000078c580000,0x00000007903e4d70,0x0000000791080000)
  to   space 73216K, 0% used [0x0000000787700000,0x0000000787700000,0x000000078be80000)
 ParOldGen       total 461824K, used 226444K [0x00000006c0c00000, 0x00000006dcf00000, 0x000000076af00000)
  object space 461824K, 49% used [0x00000006c0c00000,0x00000006ce9231a8,0x00000006dcf00000)
 Metaspace       used 62710K, capacity 63619K, committed 63960K, reserved 1105920K
  class space    used 7692K, capacity 7908K, committed 7936K, reserved 1048576K
Event: 388.160 GC heap after
Heap after GC invocations=66 (full 11):
 PSYoungGen      total 540160K, used 59286K [0x000000076af00000, 0x0000000791d80000, 0x00000007c0000000)
  eden space 466944K, 0% used [0x000000076af00000,0x000000076af00000,0x0000000787700000)
  from space 73216K, 80% used [0x0000000787700000,0x000000078b0e5aa8,0x000000078be80000)
  to   space 83968K, 0% used [0x000000078cb80000,0x000000078cb80000,0x0000000791d80000)
 ParOldGen       total 461824K, used 226444K [0x00000006c0c00000, 0x00000006dcf00000, 0x000000076af00000)
  object space 461824K, 49% used [0x00000006c0c00000,0x00000006ce9231a8,0x00000006dcf00000)
 Metaspace       used 62710K, capacity 63619K, committed 63960K, reserved 1105920K
  class space    used 7692K, capacity 7908K, committed 7936K, reserved 1048576K
}
Event: 410.468 GC heap before
{Heap before GC invocations=67 (full 11):
 PSYoungGen      total 540160K, used 526230K [0x000000076af00000, 0x0000000791d80000, 0x00000007c0000000)
  eden space 466944K, 100% used [0x000000076af00000,0x0000000787700000,0x0000000787700000)
  from space 73216K, 80% used [0x0000000787700000,0x000000078b0e5aa8,0x000000078be80000)
  to   space 83968K, 0% used [0x000000078cb80000,0x000000078cb80000,0x0000000791d80000)
 ParOldGen       total 461824K, used 226444K [0x00000006c0c00000, 0x00000006dcf00000, 0x000000076af00000)
  object space 461824K, 49% used [0x00000006c0c00000,0x00000006ce9231a8,0x00000006dcf00000)
 Metaspace       used 62725K, capacity 63619K, committed 63960K, reserved 1105920K
  class space    used 7692K, capacity 7908K, committed 7936K, reserved 1048576K
Event: 410.479 GC heap after
Heap after GC invocations=67 (full 11):
 PSYoungGen      total 551936K, used 59213K [0x000000076af00000, 0x0000000792000000, 0x00000007c0000000)
  eden space 467968K, 0% used [0x000000076af00000,0x000000076af00000,0x0000000787800000)
  from space 83968K, 70% used [0x000000078cb80000,0x0000000790553720,0x0000000791d80000)
  to   space 85504K, 0% used [0x0000000787800000,0x0000000787800000,0x000000078cb80000)
 ParOldGen       total 461824K, used 226452K [0x00000006c0c00000, 0x00000006dcf00000, 0x000000076af00000)
  object space 461824K, 49% used [0x00000006c0c00000,0x00000006ce9251a8,0x00000006dcf00000)
 Metaspace       used 62725K, capacity 63619K, committed 63960K, reserved 1105920K
  class space    used 7692K, capacity 7908K, committed 7936K, reserved 1048576K
}
Event: 419.848 GC heap before
{Heap before GC invocations=68 (full 11):
 PSYoungGen      total 551936K, used 527181K [0x000000076af00000, 0x0000000792000000, 0x00000007c0000000)
  eden space 467968K, 100% used [0x000000076af00000,0x0000000787800000,0x0000000787800000)
  from space 83968K, 70% used [0x000000078cb80000,0x0000000790553720,0x0000000791d80000)
  to   space 85504K, 0% used [0x0000000787800000,0x0000000787800000,0x000000078cb80000)
 ParOldGen       total 461824K, used 226452K [0x00000006c0c00000, 0x00000006dcf00000, 0x000000076af00000)
  object space 461824K, 49% used [0x00000006c0c00000,0x00000006ce9251a8,0x00000006dcf00000)
 Metaspace       used 62737K, capacity 63683K, committed 63960K, reserved 1105920K
  class space    used 7692K, capacity 7908K, committed 7936K, reserved 1048576K
Event: 419.860 GC heap after
Heap after GC invocations=68 (full 11):
 PSYoungGen      total 553472K, used 61884K [0x000000076af00000, 0x0000000792000000, 0x00000007c0000000)
  eden space 467968K, 0% used [0x000000076af00000,0x000000076af00000,0x0000000787800000)
  from space 85504K, 72% used [0x0000000787800000,0x000000078b46f288,0x000000078cb80000)
  to   space 83968K, 0% used [0x000000078cb80000,0x000000078cb80000,0x0000000791d80000)
 ParOldGen       total 461824K, used 226460K [0x00000006c0c00000, 0x00000006dcf00000, 0x000000076af00000)
  object space 461824K, 49% used [0x00000006c0c00000,0x00000006ce9271a8,0x00000006dcf00000)
 Metaspace       used 62737K, capacity 63683K, committed 63960K, reserved 1105920K
  class space    used 7692K, capacity 7908K, committed 7936K, reserved 1048576K
}

Deoptimization events (10 events):
Event: 410.070 Thread 0x0000000002cd2000 Uncommon trap: reason=bimorphic action=maybe_recompile pc=0x0000000004e8a944 method=net.minecraft.client.model.ModelBiped.render(Lnet/minecraft/entity/Entity;FFFFFF)V @ 12
Event: 415.162 Thread 0x00000000250d2800 Uncommon trap: reason=unstable_if action=reinterpret pc=0x00000000062f8fa0 method=net.minecraft.world.World.updateEntities()V @ 644
Event: 415.254 Thread 0x00000000250d2800 Uncommon trap: reason=unstable_if action=reinterpret pc=0x000000000629bfec method=java.util.TimSort.mergeLo(IIII)V @ 87
Event: 415.700 Thread 0x00000000250d2800 Uncommon trap: reason=unstable_if action=reinterpret pc=0x0000000004858700 method=net.minecraft.entity.EntityLivingBase.updateDistance(FF)F @ 53
Event: 420.598 Thread 0x00000000250d2800 Uncommon trap: reason=unstable_if action=reinterpret pc=0x00000000060cb210 method=net.minecraft.block.Block.isNormalCube(Lnet/minecraft/block/state/IBlockState;)Z @ 18
Event: 421.503 Thread 0x00000000250d2800 Uncommon trap: reason=class_check action=maybe_recompile pc=0x0000000005279424 method=com.google.common.collect.AbstractMapBasedMultimap.createCollection(Ljava/lang/Object;)Ljava/util/Collection; @ 1
Event: 421.503 Thread 0x00000000250d2800 Uncommon trap: reason=class_check action=maybe_recompile pc=0x0000000005279424 method=com.google.common.collect.AbstractMapBasedMultimap.createCollection(Ljava/lang/Object;)Ljava/util/Collection; @ 1
Event: 423.246 Thread 0x0000000002cd2000 Uncommon trap: reason=unstable_if action=reinterpret pc=0x0000000005cc0d6c method=net.minecraft.client.renderer.RenderGlobal.setupTerrain(Lnet/minecraft/entity/Entity;DLnet/minecraft/client/renderer/culling/ICamera;IZ)V @ 1128
Event: 423.261 Thread 0x0000000002cd2000 Uncommon trap: reason=unstable_if action=reinterpret pc=0x0000000005256d84 method=net.minecraft.client.renderer.RenderGlobal.setupTerrain(Lnet/minecraft/entity/Entity;DLnet/minecraft/client/renderer/culling/ICamera;IZ)V @ 1128
Event: 424.996 Thread 0x00000000250d2800 Uncommon trap: reason=unstable_if action=reinterpret pc=0x0000000004a43128 method=java.util.concurrent.ConcurrentHashMap.replaceNode(Ljava/lang/Object;Ljava/lang/Object;Ljava/lang/Object;)Ljava/lang/Object; @ 393

Classes redefined (0 events):
No events

Internal exceptions (10 events):
Event: 425.809 Thread 0x00000000248c7000 Exception <a 'java/lang/InterruptedException': sleep interrupted> (0x0000000779010cb8) thrown at [C:\re\workspace\8-2-build-windows-amd64-cygwin\jdk8u202\12323\hotspot\src\share\vm\prims\jvm.cpp, line 3336]
Event: 425.810 Thread 0x00000000248c7000 Exception <a 'java/lang/InterruptedException': sleep interrupted> (0x0000000779010f10) thrown at [C:\re\workspace\8-2-build-windows-amd64-cygwin\jdk8u202\12323\hotspot\src\share\vm\prims\jvm.cpp, line 3288]
Event: 425.826 Thread 0x00000000248c7000 Exception <a 'java/lang/InterruptedException': sleep interrupted> (0x0000000779011168) thrown at [C:\re\workspace\8-2-build-windows-amd64-cygwin\jdk8u202\12323\hotspot\src\share\vm\prims\jvm.cpp, line 3336]
Event: 425.826 Thread 0x00000000248c7000 Exception <a 'java/lang/InterruptedException': sleep interrupted> (0x00000007790113c0) thrown at [C:\re\workspace\8-2-build-windows-amd64-cygwin\jdk8u202\12323\hotspot\src\share\vm\prims\jvm.cpp, line 3288]
Event: 425.845 Thread 0x00000000248c7000 Exception <a 'java/lang/InterruptedException': sleep interrupted> (0x0000000779011618) thrown at [C:\re\workspace\8-2-build-windows-amd64-cygwin\jdk8u202\12323\hotspot\src\share\vm\prims\jvm.cpp, line 3336]
Event: 425.860 Thread 0x00000000248c7000 Exception <a 'java/lang/InterruptedException': sleep interrupted> (0x0000000779011870) thrown at [C:\re\workspace\8-2-build-windows-amd64-cygwin\jdk8u202\12323\hotspot\src\share\vm\prims\jvm.cpp, line 3336]
Event: 425.860 Thread 0x00000000248c7000 Exception <a 'java/lang/InterruptedException': sleep interrupted> (0x0000000779011ac8) thrown at [C:\re\workspace\8-2-build-windows-amd64-cygwin\jdk8u202\12323\hotspot\src\share\vm\prims\jvm.cpp, line 3288]
Event: 425.876 Thread 0x00000000248c7000 Exception <a 'java/lang/InterruptedException': sleep interrupted> (0x0000000779011d20) thrown at [C:\re\workspace\8-2-build-windows-amd64-cygwin\jdk8u202\12323\hotspot\src\share\vm\prims\jvm.cpp, line 3336]
Event: 425.876 Thread 0x00000000248c7000 Exception <a 'java/lang/InterruptedException': sleep interrupted> (0x0000000779011f78) thrown at [C:\re\workspace\8-2-build-windows-amd64-cygwin\jdk8u202\12323\hotspot\src\share\vm\prims\jvm.cpp, line 3336]
Event: 425.895 Thread 0x00000000248c7000 Exception <a 'java/lang/InterruptedException': sleep interrupted> (0x00000007790121d0) thrown at [C:\re\workspace\8-2-build-windows-amd64-cygwin\jdk8u202\12323\hotspot\src\share\vm\prims\jvm.cpp, line 3336]

Events (10 events):
Event: 423.500 Thread 0x000000001ec0a000 flushing nmethod 0x00000000062a5750
Event: 424.197 Thread 0x00000000250d2800 DEOPT PACKING pc=0x00000000063358d5 sp=0x000000000108e860
Event: 424.197 Thread 0x00000000250d2800 DEOPT UNPACKING pc=0x0000000002fd7890 sp=0x000000000108e748 mode 0
Event: 424.996 Thread 0x00000000250d2800 Uncommon trap: trap_request=0xffffff65 fr.pc=0x0000000004a43128
Event: 424.996 Thread 0x00000000250d2800 DEOPT PACKING pc=0x0000000004a43128 sp=0x000000000108e580
Event: 424.996 Thread 0x00000000250d2800 DEOPT UNPACKING pc=0x0000000002fd583b sp=0x000000000108e508 mode 2
Event: 425.140 Thread 0x00000000250d2800 DEOPT PACKING pc=0x0000000004c1eb3c sp=0x000000000108e750
Event: 425.140 Thread 0x00000000250d2800 DEOPT UNPACKING pc=0x0000000002fd7890 sp=0x000000000108e4d8 mode 0
Event: 425.505 Thread 0x00000000250d2800 DEOPT PACKING pc=0x00000000063358d5 sp=0x000000000108e860
Event: 425.505 Thread 0x00000000250d2800 DEOPT UNPACKING pc=0x0000000002fd7890 sp=0x000000000108e748 mode 0


Dynamic libraries:
0x00007ff78a2e0000 - 0x00007ff78a317000 	C:\Program Files\Java\jdk1.8.0_202\bin\java.exe
0x00007ffe52ca0000 - 0x00007ffe52e90000 	C:\WINDOWS\SYSTEM32\ntdll.dll
0x00007ffe522c0000 - 0x00007ffe52372000 	C:\WINDOWS\System32\KERNEL32.DLL
0x00007ffe50a30000 - 0x00007ffe50cd3000 	C:\WINDOWS\System32\KERNELBASE.dll
0x00007ffe52380000 - 0x00007ffe52423000 	C:\WINDOWS\System32\ADVAPI32.dll
0x00007ffe51ed0000 - 0x00007ffe51f6e000 	C:\WINDOWS\System32\msvcrt.dll
0x00007ffe52bc0000 - 0x00007ffe52c57000 	C:\WINDOWS\System32\sechost.dll
0x00007ffe51c10000 - 0x00007ffe51d30000 	C:\WINDOWS\System32\RPCRT4.dll
0x00007ffe51d30000 - 0x00007ffe51ec4000 	C:\WINDOWS\System32\USER32.dll
0x00007ffe50a00000 - 0x00007ffe50a21000 	C:\WINDOWS\System32\win32u.dll
0x00007ffe52af0000 - 0x00007ffe52b16000 	C:\WINDOWS\System32\GDI32.dll
0x00007ffe4fce0000 - 0x00007ffe4fe74000 	C:\WINDOWS\System32\gdi32full.dll
0x00007ffe50960000 - 0x00007ffe509fe000 	C:\WINDOWS\System32\msvcp_win.dll
0x00007ffe50750000 - 0x00007ffe5084a000 	C:\WINDOWS\System32\ucrtbase.dll
0x00007ffe46180000 - 0x00007ffe46405000 	C:\WINDOWS\WinSxS\amd64_microsoft.windows.common-controls_6595b64144ccf1df_6.0.18362.720_none_e6beb5c51314836b\COMCTL32.dll
0x00007ffe50d50000 - 0x00007ffe51086000 	C:\WINDOWS\System32\combase.dll
0x00007ffe508e0000 - 0x00007ffe50960000 	C:\WINDOWS\System32\bcryptPrimitives.dll
0x00007ffe51270000 - 0x00007ffe5129e000 	C:\WINDOWS\System32\IMM32.DLL
0x0000000064b90000 - 0x0000000064c62000 	C:\Program Files\Java\jdk1.8.0_202\jre\bin\msvcr100.dll
0x0000000062100000 - 0x00000000629a5000 	C:\Program Files\Java\jdk1.8.0_202\jre\bin\server\jvm.dll
0x00007ffe52a30000 - 0x00007ffe52a38000 	C:\WINDOWS\System32\PSAPI.DLL
0x00007ffe3e3c0000 - 0x00007ffe3e3c9000 	C:\WINDOWS\SYSTEM32\WSOCK32.dll
0x00007ffe4bc30000 - 0x00007ffe4bc54000 	C:\WINDOWS\SYSTEM32\WINMM.dll
0x00007ffe51ba0000 - 0x00007ffe51c0f000 	C:\WINDOWS\System32\WS2_32.dll
0x00007ffe4a4c0000 - 0x00007ffe4a4ca000 	C:\WINDOWS\SYSTEM32\VERSION.dll
0x00007ffe4bbf0000 - 0x00007ffe4bc1d000 	C:\WINDOWS\SYSTEM32\WINMMBASE.dll
0x00007ffe50ce0000 - 0x00007ffe50d2a000 	C:\WINDOWS\System32\cfgmgr32.dll
0x00007ffe4bf80000 - 0x00007ffe4bf8f000 	C:\Program Files\Java\jdk1.8.0_202\jre\bin\verify.dll
0x00007ffe47aa0000 - 0x00007ffe47ac9000 	C:\Program Files\Java\jdk1.8.0_202\jre\bin\java.dll
0x00007ffe3e3d0000 - 0x00007ffe3e3f3000 	C:\Program Files\Java\jdk1.8.0_202\jre\bin\instrument.dll
0x00007ffe4bf60000 - 0x00007ffe4bf76000 	C:\Program Files\Java\jdk1.8.0_202\jre\bin\zip.dll
0x00007ffe512a0000 - 0x00007ffe51985000 	C:\WINDOWS\System32\SHELL32.dll
0x00007ffe52a40000 - 0x00007ffe52ae9000 	C:\WINDOWS\System32\shcore.dll
0x00007ffe4fe80000 - 0x00007ffe50600000 	C:\WINDOWS\System32\windows.storage.dll
0x00007ffe4fc00000 - 0x00007ffe4fc23000 	C:\WINDOWS\System32\profapi.dll
0x00007ffe4fbb0000 - 0x00007ffe4fbfa000 	C:\WINDOWS\System32\powrprof.dll
0x00007ffe4fb60000 - 0x00007ffe4fb70000 	C:\WINDOWS\System32\UMPDC.dll
0x00007ffe524f0000 - 0x00007ffe52542000 	C:\WINDOWS\System32\shlwapi.dll
0x00007ffe4fb90000 - 0x00007ffe4fba1000 	C:\WINDOWS\System32\kernel.appcore.dll
0x00007ffe50d30000 - 0x00007ffe50d47000 	C:\WINDOWS\System32\cryptsp.dll
0x00007ffe4bcf0000 - 0x00007ffe4bd0a000 	D:\Program Files\IntelliJ IDEA Community Edition 2019.1\bin\breakgen64.dll
0x00007ffe4bcd0000 - 0x00007ffe4bcea000 	C:\Program Files\Java\jdk1.8.0_202\jre\bin\net.dll
0x00007ffe41e70000 - 0x00007ffe42045000 	C:\WINDOWS\SYSTEM32\urlmon.dll
0x00007ffe44c10000 - 0x00007ffe44eb6000 	C:\WINDOWS\SYSTEM32\iertutil.dll
0x00007ffe4f540000 - 0x00007ffe4f54c000 	C:\WINDOWS\SYSTEM32\CRYPTBASE.DLL
0x00007ffe4f370000 - 0x00007ffe4f3d7000 	C:\WINDOWS\system32\mswsock.dll
0x00007ffe4bec0000 - 0x00007ffe4becd000 	C:\Program Files\Java\jdk1.8.0_202\jre\bin\management.dll
0x00007ffe39a10000 - 0x00007ffe39a26000 	C:\WINDOWS\system32\napinsp.dll
0x00007ffe399f0000 - 0x00007ffe39a0a000 	C:\WINDOWS\system32\pnrpnsp.dll
0x00007ffe4f0c0000 - 0x00007ffe4f18a000 	C:\WINDOWS\SYSTEM32\DNSAPI.dll
0x00007ffe52a20000 - 0x00007ffe52a28000 	C:\WINDOWS\System32\NSI.dll
0x00007ffe4f080000 - 0x00007ffe4f0ba000 	C:\WINDOWS\SYSTEM32\IPHLPAPI.DLL
0x00007ffe3a3e0000 - 0x00007ffe3a3ee000 	C:\WINDOWS\System32\winrnr.dll
0x00007ffe4bd40000 - 0x00007ffe4bd5c000 	C:\WINDOWS\system32\NLAapi.dll
0x00007ffe36aa0000 - 0x00007ffe36ab5000 	C:\WINDOWS\system32\wshbth.dll
0x00007ffe41bc0000 - 0x00007ffe41bca000 	C:\Windows\System32\rasadhlp.dll
0x00007ffe46620000 - 0x00007ffe46697000 	C:\WINDOWS\System32\fwpuclnt.dll
0x00007ffe50850000 - 0x00007ffe50876000 	C:\WINDOWS\System32\bcrypt.dll
0x00007ffe47cf0000 - 0x00007ffe47d02000 	C:\Program Files\Java\jdk1.8.0_202\jre\bin\nio.dll
0x00007ffe4eee0000 - 0x00007ffe4ef13000 	C:\WINDOWS\system32\rsaenh.dll
0x00007ffe4fa80000 - 0x00007ffe4faa5000 	C:\WINDOWS\SYSTEM32\USERENV.dll
0x00007ffe47820000 - 0x00007ffe47836000 	C:\WINDOWS\SYSTEM32\dhcpcsvc6.DLL
0x00007ffe47800000 - 0x00007ffe4781c000 	C:\WINDOWS\SYSTEM32\dhcpcsvc.DLL
0x00007ffe3a550000 - 0x00007ffe3a592000 	C:\Users\Vikas Malepati\AppData\Local\Temp\jna--1548160759\jna5951884082391954695.dll
0x0000000180000000 - 0x0000000180053000 	C:\Users\Vikas Malepati\.gradle\caches\minecraft\net\minecraft\natives\1.12.2\lwjgl64.dll
0x00007ffe14820000 - 0x00007ffe14976000 	C:\WINDOWS\SYSTEM32\OPENGL32.dll
0x00007ffe147f0000 - 0x00007ffe1481c000 	C:\WINDOWS\SYSTEM32\GLU32.dll
0x00007ffe4e7d0000 - 0x00007ffe4e7f0000 	C:\WINDOWS\SYSTEM32\dxcore.dll
0x00007ffe279d0000 - 0x00007ffe27b69000 	C:\Program Files\Java\jdk1.8.0_202\jre\bin\awt.dll
0x00007ffe52190000 - 0x00007ffe52254000 	C:\WINDOWS\System32\OLEAUT32.dll
0x00007ffe4cb80000 - 0x00007ffe4cc0f000 	C:\WINDOWS\SYSTEM32\apphelp.dll
0x00007ffe49ae0000 - 0x00007ffe49b8e000 	C:\WINDOWS\SYSTEM32\mscms.dll
0x00007ffe49ac0000 - 0x00007ffe49ad7000 	C:\WINDOWS\SYSTEM32\ColorAdapterClient.dll
0x00007ffe52440000 - 0x00007ffe524e2000 	C:\WINDOWS\System32\clbcatq.dll
0x00007ffe3edc0000 - 0x00007ffe3edda000 	C:\Windows\System32\Windows.Internal.Graphics.Display.DisplayColorManagement.dll
0x00007ffe4ccc0000 - 0x00007ffe4cd59000 	C:\WINDOWS\system32\uxtheme.dll
0x00007ffe51a60000 - 0x00007ffe51b96000 	C:\WINDOWS\System32\MSCTF.dll
0x00007ffe46a10000 - 0x00007ffe46aae000 	C:\WINDOWS\System32\TextInputFramework.dll
0x00007ffe4a6c0000 - 0x00007ffe4a9ea000 	C:\WINDOWS\System32\CoreUIComponents.dll
0x00007ffe4c970000 - 0x00007ffe4ca44000 	C:\WINDOWS\System32\CoreMessaging.dll
0x00007ffe4ebc0000 - 0x00007ffe4ebf1000 	C:\WINDOWS\SYSTEM32\ntmarta.dll
0x00007ffe4a530000 - 0x00007ffe4a683000 	C:\WINDOWS\SYSTEM32\wintypes.dll
0x000000005f9a0000 - 0x00000000620f1000 	C:\WINDOWS\System32\DriverStore\FileRepository\nv_dispi.inf_amd64_db678424d2641c3d\nvoglv64.dll
0x00007ffe525b0000 - 0x00007ffe52a20000 	C:\WINDOWS\System32\SETUPAPI.dll
0x00007ffe51090000 - 0x00007ffe511e7000 	C:\WINDOWS\System32\ole32.dll
0x00007ffe4b6d0000 - 0x00007ffe4b6e3000 	C:\WINDOWS\SYSTEM32\WTSAPI32.dll
0x00007ffe4f960000 - 0x00007ffe4f98a000 	C:\WINDOWS\SYSTEM32\DEVOBJ.dll
0x00007ffe50880000 - 0x00007ffe508dc000 	C:\WINDOWS\System32\WINTRUST.dll
0x00007ffe4fb70000 - 0x00007ffe4fb82000 	C:\WINDOWS\System32\MSASN1.dll
0x00007ffe50600000 - 0x00007ffe50749000 	C:\WINDOWS\System32\CRYPT32.dll
0x00007ffe4d4b0000 - 0x00007ffe4d4dd000 	C:\WINDOWS\system32\dwmapi.dll
0x00007ffe0b670000 - 0x00007ffe0b934000 	C:\WINDOWS\system32\nvspcap64.dll
0x00007ffe395d0000 - 0x00007ffe39613000 	C:\WINDOWS\SYSTEM32\icm32.dll
0x00007ffe4f670000 - 0x00007ffe4f6cc000 	C:\WINDOWS\SYSTEM32\WINSTA.dll
0x00007ffe39710000 - 0x00007ffe39752000 	C:\Users\Vikas Malepati\AppData\Local\Temp\jna--1548160759\jna9197126525080835581.dll
0x0000000024830000 - 0x0000000024894000 	C:\Users\Vikas Malepati\.gradle\caches\minecraft\net\minecraft\natives\1.12.2\OpenAL64.dll
0x00007ffe46c10000 - 0x00007ffe46c82000 	C:\WINDOWS\System32\MMDevApi.dll
0x00007ffdf7c60000 - 0x00007ffdf7cf9000 	C:\WINDOWS\SYSTEM32\dsound.dll
0x00007ffe41c60000 - 0x00007ffe41dbd000 	C:\WINDOWS\SYSTEM32\AUDIOSES.DLL
0x00007ffe4d3c0000 - 0x00007ffe4d3d4000 	C:\WINDOWS\SYSTEM32\resourcepolicyclient.dll
0x00007ffe3e0e0000 - 0x00007ffe3e0fa000 	C:\Users\Vikas Malepati\.gradle\caches\minecraft\net\minecraft\natives\1.12.2\SAPIWrapper_x64.dll
0x00007ffe3f5a0000 - 0x00007ffe3f5c4000 	C:\Program Files\Java\jdk1.8.0_202\jre\bin\sunec.dll
0x00007ffe4bc90000 - 0x00007ffe4bc9b000 	C:\Program Files\Java\jdk1.8.0_202\jre\bin\sunmscapi.dll

VM Arguments:
jvm_args: -javaagent:D:\Program Files\IntelliJ IDEA Community Edition 2019.1\lib\idea_rt.jar=55548:D:\Program Files\IntelliJ IDEA Community Edition 2019.1\bin -Dfile.encoding=UTF-8 
java_command: GradleStart
java_class_path (initial): C:\Program Files\Java\jdk1.8.0_202\jre\lib\charsets.jar;C:\Program Files\Java\jdk1.8.0_202\jre\lib\deploy.jar;C:\Program Files\Java\jdk1.8.0_202\jre\lib\ext\access-bridge-64.jar;C:\Program Files\Java\jdk1.8.0_202\jre\lib\ext\cldrdata.jar;C:\Program Files\Java\jdk1.8.0_202\jre\lib\ext\dnsns.jar;C:\Program Files\Java\jdk1.8.0_202\jre\lib\ext\jaccess.jar;C:\Program Files\Java\jdk1.8.0_202\jre\lib\ext\jfxrt.jar;C:\Program Files\Java\jdk1.8.0_202\jre\lib\ext\localedata.jar;C:\Program Files\Java\jdk1.8.0_202\jre\lib\ext\nashorn.jar;C:\Program Files\Java\jdk1.8.0_202\jre\lib\ext\sunec.jar;C:\Program Files\Java\jdk1.8.0_202\jre\lib\ext\sunjce_provider.jar;C:\Program Files\Java\jdk1.8.0_202\jre\lib\ext\sunmscapi.jar;C:\Program Files\Java\jdk1.8.0_202\jre\lib\ext\sunpkcs11.jar;C:\Program Files\Java\jdk1.8.0_202\jre\lib\ext\zipfs.jar;C:\Program Files\Java\jdk1.8.0_202\jre\lib\javaws.jar;C:\Program Files\Java\jdk1.8.0_202\jre\lib\jce.jar;C:\Program Files\Java\jdk1.8.0_202\jre\lib\jfr.jar;C:\Program Files\Java\jdk1.8.0_202\jre\lib\jfxswt.jar;C:\Program Files\Java\jdk1.8.0_202\jre\lib\jsse.jar;C:\Program Files\Java\jdk1.8.0_202\jre\lib\management-agent.jar;C:\Program Files\Java\jdk1.8.0_202\jre\lib\plugin.jar;C:\Program Files\Java\jdk1.8.0_202\jre\lib\resources.jar;C:\Program Files\Java\jdk1.8.0_202\jre\lib\rt.jar;C:\Users\Vikas Malepati\Documents\Programming\Entity-OBJ-Loader\classes\production\Entity-OBJ-Loader.main;C:\Users\Vikas Malepati\.gradle\caches\minecraft\deobfedDeps\compileDummy.jar;C:\Users\Vikas Malepati\.gradle\caches\minecraft\deobfedDeps\providedDummy.jar;C:\Users\Vikas Malepati\.gradle\caches\modules-2\files-2.1\org.spongepowered\mixin\0.7.11-SNAPSHOT\7a670207bdb97db418118ad1e9bb42424ff3776d\mixin-0.7.11-SNAPSHOT.jar;C:\Users\Vikas Malepati\.gradle\caches\modules-2\files-2.1\org.jetbrains.kotlin\kotlin-stdlib-jdk8\1.3.61\e91d61b7cfd9a45566b580fef18bbd5c32d505b5\kotlin-stdlib-jdk8-1.3.61.jar;C:\Users\Vikas Malepati\.gradle\caches\modu
Launcher Type: SUN_STANDARD

Environment Variables:
JAVA_HOME=C:\Program Files\Java\jdk1.8.0_202
USERNAME=Vikas Malepati
OS=Windows_NT
PROCESSOR_IDENTIFIER=Intel64 Family 6 Model 94 Stepping 3, GenuineIntel



---------------  S Y S T E M  ---------------

OS: Windows 10.0 , 64 bit Build 18362 (10.0.18362.329)

CPU:total 8 (initial active 8) (4 cores per cpu, 2 threads per core) family 6 model 94 stepping 3, cmov, cx8, fxsr, mmx, sse, sse2, sse3, ssse3, sse4.1, sse4.2, popcnt, avx, avx2, aes, clmul, erms, rtm, 3dnowpref, lzcnt, ht, tsc, tscinvbit, bmi1, bmi2, adx

Memory: 4k page, physical 16722416k(4308368k free), swap 19729904k(5824k free)

vm_info: Java HotSpot(TM) 64-Bit Server VM (25.202-b08) for windows-amd64 JRE (1.8.0_202-b08), built on Dec 15 2018 19:54:30 by "java_re" with MS VC++ 10.0 (VS2010)

time: Fri Apr 10 19:43:11 2020
timezone: Eastern Daylight Time
elapsed time: 425 seconds (0d 0h 7m 5s)

